2016.08.27 12:40:22 org.jivesoftware.openfire.XMPPServer - Registering shutdown hook (standalone mode)
2016.08.27 12:40:23 org.jivesoftware.util.cache.CacheFactory - Created cache [org.jivesoftware.util.cache.DefaultLocalCacheStrategy] for Routing Servers Cache
2016.08.27 12:40:23 org.jivesoftware.util.cache.CacheFactory - Created cache [org.jivesoftware.util.cache.DefaultLocalCacheStrategy] for Routing Components Cache
2016.08.27 12:40:23 org.jivesoftware.util.cache.CacheFactory - Created cache [org.jivesoftware.util.cache.DefaultLocalCacheStrategy] for Routing Users Cache
2016.08.27 12:40:23 org.jivesoftware.util.cache.CacheFactory - Created cache [org.jivesoftware.util.cache.DefaultLocalCacheStrategy] for Routing AnonymousUsers Cache
2016.08.27 12:40:23 org.jivesoftware.util.cache.CacheFactory - Created cache [org.jivesoftware.util.cache.DefaultLocalCacheStrategy] for Routing User Sessions
2016.08.27 12:40:23 org.jivesoftware.util.cache.CacheFactory - Created cache [org.jivesoftware.util.cache.DefaultLocalCacheStrategy] for Roster
2016.08.27 12:40:23 org.jivesoftware.util.cache.CacheFactory - Created cache [org.jivesoftware.util.cache.DefaultLocalCacheStrategy] for Multicast Service
2016.08.27 12:40:23 org.jivesoftware.util.cache.CacheFactory - Created cache [org.jivesoftware.util.cache.DefaultLocalCacheStrategy] for Offline Message Size
2016.08.27 12:40:23 org.jivesoftware.util.cache.CacheFactory - Created cache [org.jivesoftware.util.cache.DefaultLocalCacheStrategy] for VCard
2016.08.27 12:40:24 org.jivesoftware.util.cache.CacheFactory - Created cache [org.jivesoftware.util.cache.DefaultLocalCacheStrategy] for Privacy Lists
2016.08.27 12:40:24 org.jivesoftware.util.cache.CacheFactory - Created cache [org.jivesoftware.util.cache.DefaultLocalCacheStrategy] for File Transfer Cache
2016.08.27 12:40:24 org.jivesoftware.util.cache.CacheFactory - Created cache [org.jivesoftware.util.cache.DefaultLocalCacheStrategy] for Offline Presence Cache
2016.08.27 12:40:24 org.jivesoftware.util.cache.CacheFactory - Created cache [org.jivesoftware.util.cache.DefaultLocalCacheStrategy] for Last Activity Cache
2016.08.27 12:40:24 org.jivesoftware.util.cache.CacheFactory - Created cache [org.jivesoftware.util.cache.DefaultLocalCacheStrategy] for User
2016.08.27 12:40:24 org.jivesoftware.util.cache.CacheFactory - Created cache [org.jivesoftware.util.cache.DefaultLocalCacheStrategy] for Remote Users Existence
2016.08.27 12:40:24 org.jivesoftware.util.cache.CacheFactory - Created cache [org.jivesoftware.util.cache.DefaultLocalCacheStrategy] for Components Sessions
2016.08.27 12:40:24 org.jivesoftware.util.cache.CacheFactory - Created cache [org.jivesoftware.util.cache.DefaultLocalCacheStrategy] for Connection Managers Sessions
2016.08.27 12:40:24 org.jivesoftware.util.cache.CacheFactory - Created cache [org.jivesoftware.util.cache.DefaultLocalCacheStrategy] for Incoming Server Sessions
2016.08.27 12:40:24 org.jivesoftware.util.cache.CacheFactory - Created cache [org.jivesoftware.util.cache.DefaultLocalCacheStrategy] for Sessions by Hostname
2016.08.27 12:40:24 org.jivesoftware.util.cache.CacheFactory - Created cache [org.jivesoftware.util.cache.DefaultLocalCacheStrategy] for Validated Domains
2016.08.27 12:40:24 org.jivesoftware.util.cache.CacheFactory - Created cache [org.jivesoftware.util.cache.DefaultLocalCacheStrategy] for Client Session Info Cache
2016.08.27 12:40:24 org.jivesoftware.util.cache.CacheFactory - Created local-only cache [org.jivesoftware.util.cache.DefaultLocalCacheStrategy] for Entity Capabilities
2016.08.27 12:40:24 org.jivesoftware.util.cache.CacheFactory - Created local-only cache [org.jivesoftware.util.cache.DefaultLocalCacheStrategy] for Entity Capabilities Users
2016.08.27 12:40:24 org.jivesoftware.util.cache.CacheFactory - Created cache [org.jivesoftware.util.cache.DefaultLocalCacheStrategy] for Directed Presences
2016.08.27 12:40:24 org.jivesoftware.util.cache.CacheFactory - Created local-only cache [org.jivesoftware.util.cache.DefaultLocalCacheStrategy] for PEPServiceManager
2016.08.27 12:40:24 org.jivesoftware.util.cache.CacheFactory - Created cache [org.jivesoftware.util.cache.DefaultLocalCacheStrategy] for File Transfer
2016.08.27 12:40:24 org.jivesoftware.util.cache.CacheFactory - Created cache [org.jivesoftware.util.cache.DefaultLocalCacheStrategy] for Published Items
2016.08.27 12:40:24 org.jivesoftware.util.cache.CacheFactory - Created cache [org.jivesoftware.util.cache.DefaultLocalCacheStrategy] for Disco Server Features
2016.08.27 12:40:24 org.jivesoftware.util.cache.CacheFactory - Created cache [org.jivesoftware.util.cache.DefaultLocalCacheStrategy] for Disco Server Items
2016.08.27 12:40:25 org.jivesoftware.openfire.pubsub.PubSubModule - Publish-Subscribe domain: pubsub.paridhika-satellite-c55-c
2016.08.27 12:40:25 org.jivesoftware.openfire.muc.spi.MultiUserChatServiceImpl - Multi User Chat domain: conference.paridhika-satellite-c55-c
2016.08.27 12:40:25 org.jivesoftware.openfire.XMPPServer - Openfire 4.0.3 [Aug 27, 2016 12:40:25 PM]
2016.08.27 12:40:26 org.jivesoftware.openfire.spi.EncryptionArtifactFactory - Creating new SslContextFactory instance
2016.08.27 12:40:27 org.jivesoftware.util.cache.CacheFactory - Created cache [org.jivesoftware.util.cache.DefaultLocalCacheStrategy] for Favicon Misses
2016.08.27 12:40:27 org.jivesoftware.util.cache.CacheFactory - Created cache [org.jivesoftware.util.cache.DefaultLocalCacheStrategy] for Favicon Hits
2016.08.27 12:40:27 org.jivesoftware.openfire.container.AdminConsolePlugin - Admin console listening at:
  http://paridhika-satellite-c55-c:9090
  https://paridhika-satellite-c55-c:9091
2016.08.27 12:40:28 org.jivesoftware.util.cache.CacheFactory - Created cache [org.jivesoftware.util.cache.DefaultLocalCacheStrategy] for Group
2016.08.27 12:40:28 org.jivesoftware.util.cache.CacheFactory - Created cache [org.jivesoftware.util.cache.DefaultLocalCacheStrategy] for Group Metadata Cache
2016.08.27 12:40:30 org.jinglenodes.JingleNodesPlugin - Jingle Nodes Loaded.
2016.08.27 12:40:30 JmxWebPlugin - [jmxweb] initialize jmxweb plugin resources
2016.08.27 12:40:31 JmxWebPlugin - [jmxweb] .. started openfire server detector.
2016.08.27 12:40:31 JmxWebPlugin - [jmxweb] .. started stanza counter.
2016.08.27 12:40:31 JmxWebPlugin - [jmxweb] .. started database pool monitor.
2016.08.27 12:40:31 JmxWebPlugin - [jmxweb] starting jolokia
2016.08.27 12:40:31 JmxWebPlugin - [jmxweb] starting hawtio
2016.08.27 12:40:31 JmxWebPlugin - [jmxweb] starting email monitoring
2016.08.27 12:40:31 org.quartz.impl.StdSchedulerFactory - Using default implementation for ThreadExecutor
2016.08.27 12:40:31 org.quartz.simpl.SimpleThreadPool - Job execution threads will use class loader of thread: pool-3-thread-1
2016.08.27 12:40:31 org.quartz.core.SchedulerSignalerImpl - Initialized Scheduler Signaller of type: class org.quartz.core.SchedulerSignalerImpl
2016.08.27 12:40:31 org.quartz.core.QuartzScheduler - Quartz Scheduler v.2.2.2 created.
2016.08.27 12:40:31 org.quartz.simpl.RAMJobStore - RAMJobStore initialized.
2016.08.27 12:40:31 org.quartz.core.QuartzScheduler - Scheduler meta-data: Quartz Scheduler (v2.2.2) 'DefaultQuartzScheduler' with instanceId 'NON_CLUSTERED'
  Scheduler class: 'org.quartz.core.QuartzScheduler' - running locally.
  NOT STARTED.
  Currently in standby mode.
  Number of jobs executed: 0
  Using thread pool 'org.quartz.simpl.SimpleThreadPool' - with 10 threads.
  Using job-store 'org.quartz.simpl.RAMJobStore' - which does not support persistence. and is not clustered.

2016.08.27 12:40:31 org.quartz.impl.StdSchedulerFactory - Quartz scheduler 'DefaultQuartzScheduler' initialized from default resource file in Quartz package: 'quartz.properties'
2016.08.27 12:40:31 org.quartz.impl.StdSchedulerFactory - Quartz scheduler version: 2.2.2
2016.08.27 12:40:31 org.quartz.core.QuartzScheduler - Scheduler DefaultQuartzScheduler_$_NON_CLUSTERED started.
2016.08.27 12:40:31 JmxWebPlugin - [jmxweb] started monitoring
2016.08.27 12:40:32 org.jivesoftware.util.cache.CacheFactory - Created cache [org.jivesoftware.util.cache.DefaultLocalCacheStrategy] for Kraken Session Location Cache
2016.08.27 12:40:36 org.ifsoft.nodejs.openfire.PluginImpl - checkNatives node executable path /home/paridhika/Downloads/workspace_ubuntu/XMPP/openfire_src/target/openfire/plugins/nodejs/native/linux-64/node
2016.08.27 12:40:41 org.jivesoftware.openfire.spi.ConnectionListener[socket_c2s] - Started.
2016.08.27 12:40:41 org.jivesoftware.openfire.spi.ConnectionListener[socket_c2s-legacyMode] - Started.
2016.08.27 12:40:41 org.jivesoftware.openfire.spi.ConnectionListener[socket_s2s] - Started.
2016.08.27 12:40:41 org.jivesoftware.openfire.spi.ConnectionListener[component] - Started.
2016.08.27 12:40:41 org.jivesoftware.openfire.spi.ConnectionListener[component-legacyMode] - Started.
2016.08.27 12:40:41 org.jivesoftware.openfire.spi.ConnectionListener[connection_manager] - Started.
2016.08.27 12:40:41 org.jivesoftware.openfire.spi.ConnectionListener[connection_manager-legacyMode] - Started.
2016.08.27 12:40:41 org.jivesoftware.openfire.spi.EncryptionArtifactFactory - Creating new SslContextFactory instance
2016.08.27 12:40:41 /jolokia - jolokia-agent: Using policy access restrictor classpath:/jolokia-access.xml
2016.08.27 12:40:41 org.jivesoftware.openfire.http.HttpBindManager - Installed response compression filter
2016.08.27 12:40:41 org.jivesoftware.openfire.http.HttpSessionManager - Starting instance
2016.08.27 12:40:41 org.jivesoftware.openfire.http.HttpBindManager - HTTP bind service started
2016.08.27 12:41:02 org.jivesoftware.util.cache.CacheFactory - Created cache [org.jivesoftware.util.cache.DefaultLocalCacheStrategy] for Locked Out Accounts
2016.08.27 14:29:13 org.jivesoftware.openfire.XMPPServer - Shutting down 50 modules ...
2016.08.27 14:29:13 org.jivesoftware.openfire.pubsub.PubSubPersistenceManager - Flushing write cache to database
2016.08.27 14:29:13 org.jivesoftware.openfire.spi.ConnectionListener[socket_c2s] - Stopped.
2016.08.27 14:29:13 org.jivesoftware.openfire.spi.ConnectionListener[socket_c2s-legacyMode] - Stopped.
2016.08.27 14:29:13 org.jivesoftware.openfire.spi.ConnectionListener[socket_s2s] - Stopped.
2016.08.27 14:29:13 org.jivesoftware.openfire.spi.ConnectionListener[component] - Stopped.
2016.08.27 14:29:13 org.jivesoftware.openfire.spi.ConnectionListener[component-legacyMode] - Stopped.
2016.08.27 14:29:13 org.jivesoftware.openfire.spi.ConnectionListener[connection_manager] - Stopped.
2016.08.27 14:29:13 org.jivesoftware.openfire.spi.ConnectionListener[connection_manager-legacyMode] - Stopped.
2016.08.27 14:29:13 org.jivesoftware.openfire.http.HttpSessionManager - Stopping instance
2016.08.27 14:29:13 org.jivesoftware.openfire.http.HttpBindManager - HTTP bind service stopped
2016.08.27 14:29:13 org.jivesoftware.openfire.XMPPServer - Shutting down plugins ...
2016.08.27 14:29:13 JmxWebPlugin - [jmxweb] destroy jmxweb plugin resources
2016.08.27 14:29:13 JmxWebPlugin:EmailScheduler - Email Monitoring Stopped
2016.08.27 14:29:13 org.quartz.core.QuartzScheduler - Scheduler DefaultQuartzScheduler_$_NON_CLUSTERED shutting down.
2016.08.27 14:29:13 org.quartz.core.QuartzScheduler - Scheduler DefaultQuartzScheduler_$_NON_CLUSTERED paused.
2016.08.27 14:29:14 org.quartz.core.QuartzScheduler - Scheduler DefaultQuartzScheduler_$_NON_CLUSTERED shutdown complete.
2016.08.27 14:29:14 JmxWebPlugin - [jmxweb]  plugin fully destroyed.
2016.08.27 14:29:14 org.jivesoftware.util.cache.CacheFactory - Created cache [org.jivesoftware.util.cache.DefaultLocalCacheStrategy] for Kraken Registration Cache
2016.08.27 14:29:14 org.jivesoftware.openfire.XMPPServer - Openfire stopped
2016.08.27 14:29:14 org.jivesoftware.openfire.XMPPServer - Server halted
2016.08.27 14:33:43 org.jivesoftware.openfire.XMPPServer - Registering shutdown hook (standalone mode)
2016.08.27 14:33:44 org.jivesoftware.util.cache.CacheFactory - Created cache [org.jivesoftware.util.cache.DefaultLocalCacheStrategy] for Routing Servers Cache
2016.08.27 14:33:44 org.jivesoftware.util.cache.CacheFactory - Created cache [org.jivesoftware.util.cache.DefaultLocalCacheStrategy] for Routing Components Cache
2016.08.27 14:33:44 org.jivesoftware.util.cache.CacheFactory - Created cache [org.jivesoftware.util.cache.DefaultLocalCacheStrategy] for Routing Users Cache
2016.08.27 14:33:44 org.jivesoftware.util.cache.CacheFactory - Created cache [org.jivesoftware.util.cache.DefaultLocalCacheStrategy] for Routing AnonymousUsers Cache
2016.08.27 14:33:44 org.jivesoftware.util.cache.CacheFactory - Created cache [org.jivesoftware.util.cache.DefaultLocalCacheStrategy] for Routing User Sessions
2016.08.27 14:33:44 org.jivesoftware.util.cache.CacheFactory - Created cache [org.jivesoftware.util.cache.DefaultLocalCacheStrategy] for Roster
2016.08.27 14:33:44 org.jivesoftware.util.cache.CacheFactory - Created cache [org.jivesoftware.util.cache.DefaultLocalCacheStrategy] for Multicast Service
2016.08.27 14:33:44 org.jivesoftware.util.cache.CacheFactory - Created cache [org.jivesoftware.util.cache.DefaultLocalCacheStrategy] for Offline Message Size
2016.08.27 14:33:44 org.jivesoftware.util.cache.CacheFactory - Created cache [org.jivesoftware.util.cache.DefaultLocalCacheStrategy] for VCard
2016.08.27 14:33:44 org.jivesoftware.util.cache.CacheFactory - Created cache [org.jivesoftware.util.cache.DefaultLocalCacheStrategy] for Privacy Lists
2016.08.27 14:33:44 org.jivesoftware.util.cache.CacheFactory - Created cache [org.jivesoftware.util.cache.DefaultLocalCacheStrategy] for File Transfer Cache
2016.08.27 14:33:44 org.jivesoftware.util.cache.CacheFactory - Created cache [org.jivesoftware.util.cache.DefaultLocalCacheStrategy] for Offline Presence Cache
2016.08.27 14:33:44 org.jivesoftware.util.cache.CacheFactory - Created cache [org.jivesoftware.util.cache.DefaultLocalCacheStrategy] for Last Activity Cache
2016.08.27 14:33:44 org.jivesoftware.util.cache.CacheFactory - Created cache [org.jivesoftware.util.cache.DefaultLocalCacheStrategy] for User
2016.08.27 14:33:44 org.jivesoftware.util.cache.CacheFactory - Created cache [org.jivesoftware.util.cache.DefaultLocalCacheStrategy] for Remote Users Existence
2016.08.27 14:33:44 org.jivesoftware.util.cache.CacheFactory - Created cache [org.jivesoftware.util.cache.DefaultLocalCacheStrategy] for Components Sessions
2016.08.27 14:33:44 org.jivesoftware.util.cache.CacheFactory - Created cache [org.jivesoftware.util.cache.DefaultLocalCacheStrategy] for Connection Managers Sessions
2016.08.27 14:33:44 org.jivesoftware.util.cache.CacheFactory - Created cache [org.jivesoftware.util.cache.DefaultLocalCacheStrategy] for Incoming Server Sessions
2016.08.27 14:33:44 org.jivesoftware.util.cache.CacheFactory - Created cache [org.jivesoftware.util.cache.DefaultLocalCacheStrategy] for Sessions by Hostname
2016.08.27 14:33:44 org.jivesoftware.util.cache.CacheFactory - Created cache [org.jivesoftware.util.cache.DefaultLocalCacheStrategy] for Validated Domains
2016.08.27 14:33:44 org.jivesoftware.util.cache.CacheFactory - Created cache [org.jivesoftware.util.cache.DefaultLocalCacheStrategy] for Client Session Info Cache
2016.08.27 14:33:44 org.jivesoftware.util.cache.CacheFactory - Created local-only cache [org.jivesoftware.util.cache.DefaultLocalCacheStrategy] for Entity Capabilities
2016.08.27 14:33:44 org.jivesoftware.util.cache.CacheFactory - Created local-only cache [org.jivesoftware.util.cache.DefaultLocalCacheStrategy] for Entity Capabilities Users
2016.08.27 14:33:44 org.jivesoftware.util.cache.CacheFactory - Created cache [org.jivesoftware.util.cache.DefaultLocalCacheStrategy] for Directed Presences
2016.08.27 14:33:44 org.jivesoftware.util.cache.CacheFactory - Created local-only cache [org.jivesoftware.util.cache.DefaultLocalCacheStrategy] for PEPServiceManager
2016.08.27 14:33:44 org.jivesoftware.util.cache.CacheFactory - Created cache [org.jivesoftware.util.cache.DefaultLocalCacheStrategy] for File Transfer
2016.08.27 14:33:44 org.jivesoftware.util.cache.CacheFactory - Created cache [org.jivesoftware.util.cache.DefaultLocalCacheStrategy] for Published Items
2016.08.27 14:33:44 org.jivesoftware.util.cache.CacheFactory - Created cache [org.jivesoftware.util.cache.DefaultLocalCacheStrategy] for Disco Server Features
2016.08.27 14:33:44 org.jivesoftware.util.cache.CacheFactory - Created cache [org.jivesoftware.util.cache.DefaultLocalCacheStrategy] for Disco Server Items
2016.08.27 14:33:44 org.jivesoftware.openfire.pubsub.PubSubModule - Publish-Subscribe domain: pubsub.paridhika-satellite-c55-c
2016.08.27 14:33:44 org.jivesoftware.openfire.muc.spi.MultiUserChatServiceImpl - Multi User Chat domain: conference.paridhika-satellite-c55-c
2016.08.27 14:33:44 org.jivesoftware.openfire.XMPPServer - Openfire 4.0.3 [Aug 27, 2016 2:33:44 PM]
2016.08.27 14:33:45 org.jivesoftware.openfire.spi.EncryptionArtifactFactory - Creating new SslContextFactory instance
2016.08.27 14:33:45 org.jivesoftware.util.cache.CacheFactory - Created cache [org.jivesoftware.util.cache.DefaultLocalCacheStrategy] for Favicon Misses
2016.08.27 14:33:45 org.jivesoftware.util.cache.CacheFactory - Created cache [org.jivesoftware.util.cache.DefaultLocalCacheStrategy] for Favicon Hits
2016.08.27 14:33:45 org.jivesoftware.openfire.container.AdminConsolePlugin - Admin console listening at:
  http://paridhika-satellite-c55-c:9090
  https://paridhika-satellite-c55-c:9091
2016.08.27 14:33:45 org.jivesoftware.util.cache.CacheFactory - Created cache [org.jivesoftware.util.cache.DefaultLocalCacheStrategy] for Group
2016.08.27 14:33:45 org.jivesoftware.util.cache.CacheFactory - Created cache [org.jivesoftware.util.cache.DefaultLocalCacheStrategy] for Group Metadata Cache
2016.08.27 14:33:46 org.jinglenodes.JingleNodesPlugin - Jingle Nodes Loaded.
2016.08.27 14:33:46 JmxWebPlugin - [jmxweb] initialize jmxweb plugin resources
2016.08.27 14:33:46 JmxWebPlugin - [jmxweb] .. started openfire server detector.
2016.08.27 14:33:46 JmxWebPlugin - [jmxweb] .. started stanza counter.
2016.08.27 14:33:46 JmxWebPlugin - [jmxweb] .. started database pool monitor.
2016.08.27 14:33:46 JmxWebPlugin - [jmxweb] starting jolokia
2016.08.27 14:33:46 JmxWebPlugin - [jmxweb] starting hawtio
2016.08.27 14:33:46 JmxWebPlugin - [jmxweb] starting email monitoring
2016.08.27 14:33:46 org.quartz.impl.StdSchedulerFactory - Using default implementation for ThreadExecutor
2016.08.27 14:33:46 org.quartz.simpl.SimpleThreadPool - Job execution threads will use class loader of thread: pool-3-thread-1
2016.08.27 14:33:46 org.quartz.core.SchedulerSignalerImpl - Initialized Scheduler Signaller of type: class org.quartz.core.SchedulerSignalerImpl
2016.08.27 14:33:46 org.quartz.core.QuartzScheduler - Quartz Scheduler v.2.2.2 created.
2016.08.27 14:33:46 org.quartz.simpl.RAMJobStore - RAMJobStore initialized.
2016.08.27 14:33:46 org.quartz.core.QuartzScheduler - Scheduler meta-data: Quartz Scheduler (v2.2.2) 'DefaultQuartzScheduler' with instanceId 'NON_CLUSTERED'
  Scheduler class: 'org.quartz.core.QuartzScheduler' - running locally.
  NOT STARTED.
  Currently in standby mode.
  Number of jobs executed: 0
  Using thread pool 'org.quartz.simpl.SimpleThreadPool' - with 10 threads.
  Using job-store 'org.quartz.simpl.RAMJobStore' - which does not support persistence. and is not clustered.

2016.08.27 14:33:46 org.quartz.impl.StdSchedulerFactory - Quartz scheduler 'DefaultQuartzScheduler' initialized from default resource file in Quartz package: 'quartz.properties'
2016.08.27 14:33:46 org.quartz.impl.StdSchedulerFactory - Quartz scheduler version: 2.2.2
2016.08.27 14:33:46 org.quartz.core.QuartzScheduler - Scheduler DefaultQuartzScheduler_$_NON_CLUSTERED started.
2016.08.27 14:33:46 JmxWebPlugin - [jmxweb] started monitoring
2016.08.27 14:33:46 org.jivesoftware.util.cache.CacheFactory - Created cache [org.jivesoftware.util.cache.DefaultLocalCacheStrategy] for Kraken Session Location Cache
2016.08.27 14:33:48 org.ifsoft.nodejs.openfire.PluginImpl - checkNatives node executable path /home/paridhika/Downloads/workspace_ubuntu/XMPP/openfire_src/target/openfire/plugins/nodejs/native/linux-64/node
2016.08.27 14:33:50 org.jivesoftware.openfire.spi.ConnectionListener[socket_c2s] - Started.
2016.08.27 14:33:50 org.jivesoftware.openfire.spi.ConnectionListener[socket_c2s-legacyMode] - Started.
2016.08.27 14:33:50 org.jivesoftware.openfire.spi.ConnectionListener[socket_s2s] - Started.
2016.08.27 14:33:50 org.jivesoftware.openfire.spi.ConnectionListener[component] - Started.
2016.08.27 14:33:50 org.jivesoftware.openfire.spi.ConnectionListener[component-legacyMode] - Started.
2016.08.27 14:33:50 org.jivesoftware.openfire.spi.ConnectionListener[connection_manager] - Started.
2016.08.27 14:33:50 org.jivesoftware.openfire.spi.ConnectionListener[connection_manager-legacyMode] - Started.
2016.08.27 14:33:50 org.jivesoftware.openfire.spi.EncryptionArtifactFactory - Creating new SslContextFactory instance
2016.08.27 14:33:50 /jolokia - jolokia-agent: Using policy access restrictor classpath:/jolokia-access.xml
2016.08.27 14:33:50 org.jivesoftware.openfire.http.HttpBindManager - Installed response compression filter
2016.08.27 14:33:50 org.jivesoftware.openfire.http.HttpSessionManager - Starting instance
2016.08.27 14:33:50 org.jivesoftware.openfire.http.HttpBindManager - HTTP bind service started
2016.08.27 14:34:10 org.jivesoftware.util.cache.CacheFactory - Created cache [org.jivesoftware.util.cache.DefaultLocalCacheStrategy] for Locked Out Accounts
2016.08.27 17:47:01 org.jivesoftware.openfire.XMPPServer - Shutting down 50 modules ...
2016.08.27 17:47:01 org.jivesoftware.openfire.pubsub.PubSubPersistenceManager - Flushing write cache to database
2016.08.27 17:47:01 org.jivesoftware.openfire.spi.ConnectionListener[socket_c2s] - Stopped.
2016.08.27 17:47:01 org.jivesoftware.openfire.spi.ConnectionListener[socket_c2s-legacyMode] - Stopped.
2016.08.27 17:47:01 org.jivesoftware.openfire.spi.ConnectionListener[socket_s2s] - Stopped.
2016.08.27 17:47:01 org.jivesoftware.openfire.spi.ConnectionListener[component] - Stopped.
2016.08.27 17:47:01 org.jivesoftware.openfire.spi.ConnectionListener[component-legacyMode] - Stopped.
2016.08.27 17:47:01 org.jivesoftware.openfire.spi.ConnectionListener[connection_manager] - Stopped.
2016.08.27 17:47:01 org.jivesoftware.openfire.spi.ConnectionListener[connection_manager-legacyMode] - Stopped.
2016.08.27 17:47:01 org.jivesoftware.openfire.http.HttpSessionManager - Stopping instance
2016.08.27 17:47:01 org.jivesoftware.openfire.http.HttpBindManager - HTTP bind service stopped
2016.08.27 17:47:01 org.jivesoftware.openfire.XMPPServer - Shutting down plugins ...
2016.08.27 17:47:01 JmxWebPlugin - [jmxweb] destroy jmxweb plugin resources
2016.08.27 17:47:01 JmxWebPlugin:EmailScheduler - Email Monitoring Stopped
2016.08.27 17:47:01 org.quartz.core.QuartzScheduler - Scheduler DefaultQuartzScheduler_$_NON_CLUSTERED shutting down.
2016.08.27 17:47:01 org.quartz.core.QuartzScheduler - Scheduler DefaultQuartzScheduler_$_NON_CLUSTERED paused.
2016.08.27 17:47:01 org.quartz.core.QuartzScheduler - Scheduler DefaultQuartzScheduler_$_NON_CLUSTERED shutdown complete.
2016.08.27 17:47:01 JmxWebPlugin - [jmxweb]  plugin fully destroyed.
2016.08.27 17:47:01 org.jivesoftware.util.cache.CacheFactory - Created cache [org.jivesoftware.util.cache.DefaultLocalCacheStrategy] for Kraken Registration Cache
2016.08.27 17:47:01 org.jivesoftware.openfire.XMPPServer - Openfire stopped
2016.08.27 17:47:01 org.jivesoftware.openfire.XMPPServer - Server halted
2016.08.27 17:47:04 org.jivesoftware.openfire.XMPPServer - Registering shutdown hook (standalone mode)
2016.08.27 17:47:05 org.jivesoftware.util.cache.CacheFactory - Created cache [org.jivesoftware.util.cache.DefaultLocalCacheStrategy] for Routing Servers Cache
2016.08.27 17:47:05 org.jivesoftware.util.cache.CacheFactory - Created cache [org.jivesoftware.util.cache.DefaultLocalCacheStrategy] for Routing Components Cache
2016.08.27 17:47:05 org.jivesoftware.util.cache.CacheFactory - Created cache [org.jivesoftware.util.cache.DefaultLocalCacheStrategy] for Routing Users Cache
2016.08.27 17:47:05 org.jivesoftware.util.cache.CacheFactory - Created cache [org.jivesoftware.util.cache.DefaultLocalCacheStrategy] for Routing AnonymousUsers Cache
2016.08.27 17:47:05 org.jivesoftware.util.cache.CacheFactory - Created cache [org.jivesoftware.util.cache.DefaultLocalCacheStrategy] for Routing User Sessions
2016.08.27 17:47:05 org.jivesoftware.util.cache.CacheFactory - Created cache [org.jivesoftware.util.cache.DefaultLocalCacheStrategy] for Roster
2016.08.27 17:47:05 org.jivesoftware.util.cache.CacheFactory - Created cache [org.jivesoftware.util.cache.DefaultLocalCacheStrategy] for Multicast Service
2016.08.27 17:47:05 org.jivesoftware.util.cache.CacheFactory - Created cache [org.jivesoftware.util.cache.DefaultLocalCacheStrategy] for Offline Message Size
2016.08.27 17:47:05 org.jivesoftware.util.cache.CacheFactory - Created cache [org.jivesoftware.util.cache.DefaultLocalCacheStrategy] for VCard
2016.08.27 17:47:05 org.jivesoftware.util.cache.CacheFactory - Created cache [org.jivesoftware.util.cache.DefaultLocalCacheStrategy] for Privacy Lists
2016.08.27 17:47:05 org.jivesoftware.util.cache.CacheFactory - Created cache [org.jivesoftware.util.cache.DefaultLocalCacheStrategy] for File Transfer Cache
2016.08.27 17:47:05 org.jivesoftware.util.cache.CacheFactory - Created cache [org.jivesoftware.util.cache.DefaultLocalCacheStrategy] for Offline Presence Cache
2016.08.27 17:47:05 org.jivesoftware.util.cache.CacheFactory - Created cache [org.jivesoftware.util.cache.DefaultLocalCacheStrategy] for Last Activity Cache
2016.08.27 17:47:05 org.jivesoftware.util.cache.CacheFactory - Created cache [org.jivesoftware.util.cache.DefaultLocalCacheStrategy] for User
2016.08.27 17:47:05 org.jivesoftware.util.cache.CacheFactory - Created cache [org.jivesoftware.util.cache.DefaultLocalCacheStrategy] for Remote Users Existence
2016.08.27 17:47:05 org.jivesoftware.util.cache.CacheFactory - Created cache [org.jivesoftware.util.cache.DefaultLocalCacheStrategy] for Components Sessions
2016.08.27 17:47:05 org.jivesoftware.util.cache.CacheFactory - Created cache [org.jivesoftware.util.cache.DefaultLocalCacheStrategy] for Connection Managers Sessions
2016.08.27 17:47:05 org.jivesoftware.util.cache.CacheFactory - Created cache [org.jivesoftware.util.cache.DefaultLocalCacheStrategy] for Incoming Server Sessions
2016.08.27 17:47:05 org.jivesoftware.util.cache.CacheFactory - Created cache [org.jivesoftware.util.cache.DefaultLocalCacheStrategy] for Sessions by Hostname
2016.08.27 17:47:05 org.jivesoftware.util.cache.CacheFactory - Created cache [org.jivesoftware.util.cache.DefaultLocalCacheStrategy] for Validated Domains
2016.08.27 17:47:05 org.jivesoftware.util.cache.CacheFactory - Created cache [org.jivesoftware.util.cache.DefaultLocalCacheStrategy] for Client Session Info Cache
2016.08.27 17:47:05 org.jivesoftware.util.cache.CacheFactory - Created local-only cache [org.jivesoftware.util.cache.DefaultLocalCacheStrategy] for Entity Capabilities
2016.08.27 17:47:05 org.jivesoftware.util.cache.CacheFactory - Created local-only cache [org.jivesoftware.util.cache.DefaultLocalCacheStrategy] for Entity Capabilities Users
2016.08.27 17:47:05 org.jivesoftware.util.cache.CacheFactory - Created cache [org.jivesoftware.util.cache.DefaultLocalCacheStrategy] for Directed Presences
2016.08.27 17:47:05 org.jivesoftware.util.cache.CacheFactory - Created local-only cache [org.jivesoftware.util.cache.DefaultLocalCacheStrategy] for PEPServiceManager
2016.08.27 17:47:05 org.jivesoftware.util.cache.CacheFactory - Created cache [org.jivesoftware.util.cache.DefaultLocalCacheStrategy] for File Transfer
2016.08.27 17:47:05 org.jivesoftware.util.cache.CacheFactory - Created cache [org.jivesoftware.util.cache.DefaultLocalCacheStrategy] for Published Items
2016.08.27 17:47:05 org.jivesoftware.util.cache.CacheFactory - Created cache [org.jivesoftware.util.cache.DefaultLocalCacheStrategy] for Disco Server Features
2016.08.27 17:47:05 org.jivesoftware.util.cache.CacheFactory - Created cache [org.jivesoftware.util.cache.DefaultLocalCacheStrategy] for Disco Server Items
2016.08.27 17:47:05 org.jivesoftware.openfire.pubsub.PubSubModule - Publish-Subscribe domain: pubsub.paridhika-satellite-c55-c
2016.08.27 17:47:05 org.jivesoftware.openfire.muc.spi.MultiUserChatServiceImpl - Multi User Chat domain: conference.paridhika-satellite-c55-c
2016.08.27 17:47:06 org.jivesoftware.openfire.XMPPServer - Openfire 4.0.3 [Aug 27, 2016 5:47:06 PM]
2016.08.27 17:47:06 org.jivesoftware.openfire.spi.EncryptionArtifactFactory - Creating new SslContextFactory instance
2016.08.27 17:47:06 org.jivesoftware.util.cache.CacheFactory - Created cache [org.jivesoftware.util.cache.DefaultLocalCacheStrategy] for Favicon Misses
2016.08.27 17:47:06 org.jivesoftware.util.cache.CacheFactory - Created cache [org.jivesoftware.util.cache.DefaultLocalCacheStrategy] for Favicon Hits
2016.08.27 17:47:06 org.jivesoftware.openfire.container.AdminConsolePlugin - Admin console listening at:
  http://paridhika-satellite-c55-c:9090
  https://paridhika-satellite-c55-c:9091
2016.08.27 17:47:06 org.jivesoftware.util.cache.CacheFactory - Created cache [org.jivesoftware.util.cache.DefaultLocalCacheStrategy] for Group
2016.08.27 17:47:06 org.jivesoftware.util.cache.CacheFactory - Created cache [org.jivesoftware.util.cache.DefaultLocalCacheStrategy] for Group Metadata Cache
2016.08.27 17:47:07 org.jinglenodes.JingleNodesPlugin - Jingle Nodes Loaded.
2016.08.27 17:47:07 JmxWebPlugin - [jmxweb] initialize jmxweb plugin resources
2016.08.27 17:47:07 JmxWebPlugin - [jmxweb] .. started openfire server detector.
2016.08.27 17:47:07 JmxWebPlugin - [jmxweb] .. started stanza counter.
2016.08.27 17:47:07 JmxWebPlugin - [jmxweb] .. started database pool monitor.
2016.08.27 17:47:07 JmxWebPlugin - [jmxweb] starting jolokia
2016.08.27 17:47:07 JmxWebPlugin - [jmxweb] starting hawtio
2016.08.27 17:47:07 JmxWebPlugin - [jmxweb] starting email monitoring
2016.08.27 17:47:07 org.quartz.impl.StdSchedulerFactory - Using default implementation for ThreadExecutor
2016.08.27 17:47:07 org.quartz.simpl.SimpleThreadPool - Job execution threads will use class loader of thread: pool-3-thread-1
2016.08.27 17:47:07 org.quartz.core.SchedulerSignalerImpl - Initialized Scheduler Signaller of type: class org.quartz.core.SchedulerSignalerImpl
2016.08.27 17:47:07 org.quartz.core.QuartzScheduler - Quartz Scheduler v.2.2.2 created.
2016.08.27 17:47:07 org.quartz.simpl.RAMJobStore - RAMJobStore initialized.
2016.08.27 17:47:07 org.quartz.core.QuartzScheduler - Scheduler meta-data: Quartz Scheduler (v2.2.2) 'DefaultQuartzScheduler' with instanceId 'NON_CLUSTERED'
  Scheduler class: 'org.quartz.core.QuartzScheduler' - running locally.
  NOT STARTED.
  Currently in standby mode.
  Number of jobs executed: 0
  Using thread pool 'org.quartz.simpl.SimpleThreadPool' - with 10 threads.
  Using job-store 'org.quartz.simpl.RAMJobStore' - which does not support persistence. and is not clustered.

2016.08.27 17:47:07 org.quartz.impl.StdSchedulerFactory - Quartz scheduler 'DefaultQuartzScheduler' initialized from default resource file in Quartz package: 'quartz.properties'
2016.08.27 17:47:07 org.quartz.impl.StdSchedulerFactory - Quartz scheduler version: 2.2.2
2016.08.27 17:47:07 org.quartz.core.QuartzScheduler - Scheduler DefaultQuartzScheduler_$_NON_CLUSTERED started.
2016.08.27 17:47:07 JmxWebPlugin - [jmxweb] started monitoring
2016.08.27 17:47:07 org.jivesoftware.util.cache.CacheFactory - Created cache [org.jivesoftware.util.cache.DefaultLocalCacheStrategy] for Kraken Session Location Cache
2016.08.27 17:47:09 org.ifsoft.nodejs.openfire.PluginImpl - checkNatives node executable path /home/paridhika/Downloads/workspace_ubuntu/XMPP/openfire_src/target/openfire/plugins/nodejs/native/linux-64/node
2016.08.27 17:47:12 org.jivesoftware.openfire.spi.ConnectionListener[socket_c2s] - Started.
2016.08.27 17:47:12 org.jivesoftware.openfire.spi.ConnectionListener[socket_c2s-legacyMode] - Started.
2016.08.27 17:47:12 org.jivesoftware.openfire.spi.ConnectionListener[socket_s2s] - Started.
2016.08.27 17:47:12 org.jivesoftware.openfire.spi.ConnectionListener[component] - Started.
2016.08.27 17:47:12 org.jivesoftware.openfire.spi.ConnectionListener[component-legacyMode] - Started.
2016.08.27 17:47:12 org.jivesoftware.openfire.spi.ConnectionListener[connection_manager] - Started.
2016.08.27 17:47:12 org.jivesoftware.openfire.spi.ConnectionListener[connection_manager-legacyMode] - Started.
2016.08.27 17:47:12 org.jivesoftware.openfire.spi.EncryptionArtifactFactory - Creating new SslContextFactory instance
2016.08.27 17:47:12 /jolokia - jolokia-agent: Using policy access restrictor classpath:/jolokia-access.xml
2016.08.27 17:47:12 org.jivesoftware.openfire.http.HttpBindManager - Installed response compression filter
2016.08.27 17:47:12 org.jivesoftware.openfire.http.HttpSessionManager - Starting instance
2016.08.27 17:47:12 org.jivesoftware.openfire.http.HttpBindManager - HTTP bind service started
