<!-- Use the  Trace Viewer in src/tools/tracesviewer to view this  trace  
Here are the stack configuration properties 
javax.sip.IP_ADDRESS= 127.0.0.1
javax.sip.STACK_NAME= JAIN SIP 1.1
javax.sip.ROUTER_PATH= null
javax.sip.OUTBOUND_PROXY= null
-->
<description
 logDescription="JAIN SIP 1.1"
 name="JAIN SIP 1.1"
 auxInfo="null"/>
 
<!-- Use the  Trace Viewer in src/tools/tracesviewer to view this  trace  
Here are the stack configuration properties 
javax.sip.IP_ADDRESS= 127.0.0.1
javax.sip.STACK_NAME= JAIN SIP 1.1
javax.sip.ROUTER_PATH= null
javax.sip.OUTBOUND_PROXY= null
-->
<description
 logDescription="JAIN SIP 1.1"
 name="JAIN SIP 1.1"
 auxInfo="null"/>
 
<!-- Use the  Trace Viewer in src/tools/tracesviewer to view this  trace  
Here are the stack configuration properties 
javax.sip.IP_ADDRESS= 127.0.0.1
javax.sip.STACK_NAME= JAIN SIP 1.1
javax.sip.ROUTER_PATH= null
javax.sip.OUTBOUND_PROXY= null
-->
<description
 logDescription="JAIN SIP 1.1"
 name="JAIN SIP 1.1"
 auxInfo="null"/>
 
<!-- Use the  Trace Viewer in src/tools/tracesviewer to view this  trace  
Here are the stack configuration properties 
javax.sip.IP_ADDRESS= 127.0.0.1
javax.sip.STACK_NAME= JAIN SIP 1.1
javax.sip.ROUTER_PATH= null
javax.sip.OUTBOUND_PROXY= null
-->
<description
 logDescription="JAIN SIP 1.1"
 name="JAIN SIP 1.1"
 auxInfo="null"/>
 
<!-- Use the  Trace Viewer in src/tools/tracesviewer to view this  trace  
Here are the stack configuration properties 
javax.sip.IP_ADDRESS= 127.0.0.1
javax.sip.STACK_NAME= JAIN SIP 1.1
javax.sip.ROUTER_PATH= null
javax.sip.OUTBOUND_PROXY= null
-->
<description
 logDescription="JAIN SIP 1.1"
 name="JAIN SIP 1.1"
 auxInfo="null"/>
 
<!-- Use the  Trace Viewer in src/tools/tracesviewer to view this  trace  
Here are the stack configuration properties 
javax.sip.IP_ADDRESS= 127.0.0.1
javax.sip.STACK_NAME= JAIN SIP 1.1
javax.sip.ROUTER_PATH= null
javax.sip.OUTBOUND_PROXY= null
-->
<description
 logDescription="JAIN SIP 1.1"
 name="JAIN SIP 1.1"
 auxInfo="null"/>
 
<!-- Use the  Trace Viewer in src/tools/tracesviewer to view this  trace  
Here are the stack configuration properties 
javax.sip.IP_ADDRESS= 127.0.0.1
javax.sip.STACK_NAME= JAIN SIP 1.1
javax.sip.ROUTER_PATH= null
javax.sip.OUTBOUND_PROXY= null
-->
<description
 logDescription="JAIN SIP 1.1"
 name="JAIN SIP 1.1"
 auxInfo="null"/>
 
