2016.08.23 12:32:03 org.jivesoftware.openfire.spi.LegacyConnectionAcceptor - Configuration allows for up to 16 threads, although implementation is limited to exactly one.
2016.08.23 12:32:33 org.jivesoftware.util.log.util.CommonsLogFactory - Going to buffer response body of large or unknown size. Using getResponseBodyAsStream instead is recommended.
2016.08.23 12:32:34 org.jivesoftware.util.log.util.CommonsLogFactory - Going to buffer response body of large or unknown size. Using getResponseBodyAsStream instead is recommended.
2016.08.23 12:32:35 org.jivesoftware.database.SequenceManager - Autocreating jiveID row for type '25'
2016.08.23 12:33:49 org.jivesoftware.openfire.spi.LegacyConnectionAcceptor - Configuration allows for up to 16 threads, although implementation is limited to exactly one.
2016.08.23 12:35:32 org.jivesoftware.openfire.spi.LegacyConnectionAcceptor - Configuration allows for up to 16 threads, although implementation is limited to exactly one.
2016.08.23 12:43:58 JAIN SIP 1.1 - using default tls security policy
2016.08.23 12:45:07 JAIN SIP 1.1 - using default tls security policy
2016.08.23 12:45:11 org.jivesoftware.openfire.spi.LegacyConnectionAcceptor - Configuration allows for up to 16 threads, although implementation is limited to exactly one.
2016.08.23 16:37:38 JAIN SIP 1.1 - using default tls security policy
2016.08.23 16:37:42 org.jivesoftware.openfire.spi.LegacyConnectionAcceptor - Configuration allows for up to 16 threads, although implementation is limited to exactly one.
2016.08.23 17:02:59 JAIN SIP 1.1 - using default tls security policy
2016.08.23 17:03:03 org.jivesoftware.openfire.spi.LegacyConnectionAcceptor - Configuration allows for up to 16 threads, although implementation is limited to exactly one.
2016.08.23 17:17:28 JAIN SIP 1.1 - using default tls security policy
2016.08.23 17:17:32 org.jivesoftware.openfire.spi.LegacyConnectionAcceptor - Configuration allows for up to 16 threads, although implementation is limited to exactly one.
2016.08.23 17:18:54 JAIN SIP 1.1 - using default tls security policy
2016.08.23 17:18:58 org.jivesoftware.openfire.spi.LegacyConnectionAcceptor - Configuration allows for up to 16 threads, although implementation is limited to exactly one.
2016.08.23 17:49:25 JAIN SIP 1.1 - using default tls security policy
2016.08.23 17:49:29 org.jivesoftware.openfire.spi.LegacyConnectionAcceptor - Configuration allows for up to 16 threads, although implementation is limited to exactly one.
2016.08.23 17:50:58 JAIN SIP 1.1 - using default tls security policy
2016.08.23 17:51:03 org.jivesoftware.openfire.spi.LegacyConnectionAcceptor - Configuration allows for up to 16 threads, although implementation is limited to exactly one.
2016.08.23 17:53:06 JAIN SIP 1.1 - using default tls security policy
2016.08.23 17:53:10 org.jivesoftware.openfire.spi.LegacyConnectionAcceptor - Configuration allows for up to 16 threads, although implementation is limited to exactly one.
2016.08.23 17:58:18 JAIN SIP 1.1 - using default tls security policy
2016.08.23 17:58:22 org.jivesoftware.openfire.spi.LegacyConnectionAcceptor - Configuration allows for up to 16 threads, although implementation is limited to exactly one.
2016.08.23 19:31:10 JAIN SIP 1.1 - using default tls security policy
2016.08.23 19:31:14 org.jivesoftware.openfire.spi.LegacyConnectionAcceptor - Configuration allows for up to 16 threads, although implementation is limited to exactly one.
2016.08.23 19:38:46 org.jivesoftware.util.LocaleUtils - Missing resource for key: admin.item.sipark.settings.description in locale en
2016.08.23 20:18:18 org.jivesoftware.openfire.spi.LegacyConnectionAcceptor - Configuration allows for up to 16 threads, although implementation is limited to exactly one.
2016.08.24 08:09:48 org.jivesoftware.openfire.spi.LegacyConnectionAcceptor - Configuration allows for up to 16 threads, although implementation is limited to exactly one.
2016.08.24 08:14:30 org.jivesoftware.openfire.spi.LegacyConnectionAcceptor - Configuration allows for up to 16 threads, although implementation is limited to exactly one.
2016.08.24 16:07:35 org.jivesoftware.openfire.reporting.stats.StatsEngine - Sample task not run because less then a second has passed since last sample.
2016.08.24 16:07:35 org.jivesoftware.openfire.reporting.stats.StatsEngine - Sample task not run because less then a second has passed since last sample.
2016.08.24 16:07:35 org.jivesoftware.openfire.reporting.stats.StatsEngine - Sample task not run because less then a second has passed since last sample.
2016.08.24 16:07:35 org.jivesoftware.openfire.reporting.stats.StatsEngine - Sample task not run because less then a second has passed since last sample.
2016.08.24 16:07:35 org.jivesoftware.openfire.reporting.stats.StatsEngine - Sample task not run because less then a second has passed since last sample.
2016.08.24 16:07:35 org.jivesoftware.openfire.reporting.stats.StatsEngine - Sample task not run because less then a second has passed since last sample.
2016.08.24 16:07:35 org.jivesoftware.openfire.reporting.stats.StatsEngine - Sample task not run because less then a second has passed since last sample.
2016.08.24 16:07:35 org.jivesoftware.openfire.reporting.stats.StatsEngine - Sample task not run because less then a second has passed since last sample.
2016.08.24 16:07:35 org.jivesoftware.openfire.reporting.stats.StatsEngine - Sample task not run because less then a second has passed since last sample.
2016.08.24 16:07:35 org.jivesoftware.openfire.reporting.stats.StatsEngine - Sample task not run because less then a second has passed since last sample.
2016.08.24 16:07:35 org.jivesoftware.openfire.reporting.stats.StatsEngine - Sample task not run because less then a second has passed since last sample.
2016.08.24 16:07:35 org.jivesoftware.openfire.reporting.stats.StatsEngine - Sample task not run because less then a second has passed since last sample.
2016.08.24 16:07:35 org.jivesoftware.openfire.reporting.stats.StatsEngine - Sample task not run because less then a second has passed since last sample.
2016.08.24 16:07:35 org.jivesoftware.openfire.reporting.stats.StatsEngine - Sample task not run because less then a second has passed since last sample.
2016.08.24 16:07:35 org.jivesoftware.openfire.reporting.stats.StatsEngine - Sample task not run because less then a second has passed since last sample.
2016.08.24 16:07:35 org.jivesoftware.openfire.reporting.stats.StatsEngine - Sample task not run because less then a second has passed since last sample.
2016.08.24 16:07:35 org.jivesoftware.openfire.reporting.stats.StatsEngine - Sample task not run because less then a second has passed since last sample.
2016.08.24 16:07:35 org.jivesoftware.openfire.reporting.stats.StatsEngine - Sample task not run because less then a second has passed since last sample.
2016.08.24 16:07:35 org.jivesoftware.openfire.reporting.stats.StatsEngine - Sample task not run because less then a second has passed since last sample.
2016.08.24 16:07:35 org.jivesoftware.openfire.reporting.stats.StatsEngine - Sample task not run because less then a second has passed since last sample.
2016.08.24 16:07:35 org.jivesoftware.openfire.reporting.stats.StatsEngine - Sample task not run because less then a second has passed since last sample.
2016.08.24 16:07:35 org.jivesoftware.openfire.reporting.stats.StatsEngine - Sample task not run because less then a second has passed since last sample.
2016.08.24 16:07:35 org.jivesoftware.openfire.reporting.stats.StatsEngine - Sample task not run because less then a second has passed since last sample.
2016.08.24 16:07:35 org.jivesoftware.openfire.reporting.stats.StatsEngine - Sample task not run because less then a second has passed since last sample.
2016.08.24 16:07:35 org.jivesoftware.openfire.reporting.stats.StatsEngine - Sample task not run because less then a second has passed since last sample.
2016.08.24 16:07:35 org.jivesoftware.openfire.reporting.stats.StatsEngine - Sample task not run because less then a second has passed since last sample.
2016.08.24 16:07:35 org.jivesoftware.openfire.reporting.stats.StatsEngine - Sample task not run because less then a second has passed since last sample.
2016.08.24 16:07:35 org.jivesoftware.openfire.reporting.stats.StatsEngine - Sample task not run because less then a second has passed since last sample.
2016.08.24 16:07:35 org.jivesoftware.openfire.reporting.stats.StatsEngine - Sample task not run because less then a second has passed since last sample.
2016.08.24 16:07:35 org.jivesoftware.openfire.reporting.stats.StatsEngine - Sample task not run because less then a second has passed since last sample.
2016.08.24 16:07:35 org.jivesoftware.openfire.reporting.stats.StatsEngine - Sample task not run because less then a second has passed since last sample.
2016.08.24 16:07:35 org.jivesoftware.openfire.reporting.stats.StatsEngine - Sample task not run because less then a second has passed since last sample.
2016.08.24 16:07:35 org.jivesoftware.openfire.reporting.stats.StatsEngine - Sample task not run because less then a second has passed since last sample.
2016.08.24 16:07:35 org.jivesoftware.openfire.reporting.stats.StatsEngine - Sample task not run because less then a second has passed since last sample.
2016.08.24 16:07:35 org.jivesoftware.openfire.reporting.stats.StatsEngine - Sample task not run because less then a second has passed since last sample.
2016.08.24 16:07:35 org.jivesoftware.openfire.reporting.stats.StatsEngine - Sample task not run because less then a second has passed since last sample.
2016.08.24 16:07:35 org.jivesoftware.openfire.reporting.stats.StatsEngine - Sample task not run because less then a second has passed since last sample.
2016.08.24 16:07:35 org.jivesoftware.openfire.reporting.stats.StatsEngine - Sample task not run because less then a second has passed since last sample.
2016.08.24 16:07:35 org.jivesoftware.openfire.reporting.stats.StatsEngine - Sample task not run because less then a second has passed since last sample.
2016.08.24 16:07:35 org.jivesoftware.openfire.reporting.stats.StatsEngine - Sample task not run because less then a second has passed since last sample.
2016.08.24 16:07:35 org.jivesoftware.openfire.reporting.stats.StatsEngine - Sample task not run because less then a second has passed since last sample.
2016.08.24 16:07:35 org.jivesoftware.openfire.reporting.stats.StatsEngine - Sample task not run because less then a second has passed since last sample.
2016.08.24 16:07:35 org.jivesoftware.openfire.reporting.stats.StatsEngine - Sample task not run because less then a second has passed since last sample.
2016.08.24 16:07:35 org.jivesoftware.openfire.reporting.stats.StatsEngine - Sample task not run because less then a second has passed since last sample.
2016.08.24 16:07:35 org.jivesoftware.openfire.reporting.stats.StatsEngine - Sample task not run because less then a second has passed since last sample.
2016.08.24 16:07:35 org.jivesoftware.openfire.reporting.stats.StatsEngine - Sample task not run because less then a second has passed since last sample.
2016.08.24 16:07:35 org.jivesoftware.openfire.reporting.stats.StatsEngine - Sample task not run because less then a second has passed since last sample.
2016.08.24 16:07:35 org.jivesoftware.openfire.reporting.stats.StatsEngine - Sample task not run because less then a second has passed since last sample.
2016.08.24 16:07:35 org.jivesoftware.openfire.reporting.stats.StatsEngine - Sample task not run because less then a second has passed since last sample.
2016.08.24 16:07:35 org.jivesoftware.openfire.reporting.stats.StatsEngine - Sample task not run because less then a second has passed since last sample.
2016.08.24 16:07:35 org.jivesoftware.openfire.reporting.stats.StatsEngine - Sample task not run because less then a second has passed since last sample.
2016.08.24 16:07:35 org.jivesoftware.openfire.reporting.stats.StatsEngine - Sample task not run because less then a second has passed since last sample.
2016.08.24 16:07:35 org.jivesoftware.openfire.reporting.stats.StatsEngine - Sample task not run because less then a second has passed since last sample.
2016.08.24 16:07:35 org.jivesoftware.openfire.reporting.stats.StatsEngine - Sample task not run because less then a second has passed since last sample.
2016.08.24 16:07:35 org.jivesoftware.openfire.reporting.stats.StatsEngine - Sample task not run because less then a second has passed since last sample.
2016.08.24 16:07:35 org.jivesoftware.openfire.reporting.stats.StatsEngine - Sample task not run because less then a second has passed since last sample.
2016.08.24 16:07:35 org.jivesoftware.openfire.reporting.stats.StatsEngine - Sample task not run because less then a second has passed since last sample.
2016.08.24 16:07:35 org.jivesoftware.openfire.reporting.stats.StatsEngine - Sample task not run because less then a second has passed since last sample.
2016.08.24 16:07:35 org.jivesoftware.openfire.reporting.stats.StatsEngine - Sample task not run because less then a second has passed since last sample.
2016.08.24 16:07:35 org.jivesoftware.openfire.reporting.stats.StatsEngine - Sample task not run because less then a second has passed since last sample.
2016.08.24 16:07:35 org.jivesoftware.openfire.reporting.stats.StatsEngine - Sample task not run because less then a second has passed since last sample.
2016.08.24 16:07:35 org.jivesoftware.openfire.reporting.stats.StatsEngine - Sample task not run because less then a second has passed since last sample.
2016.08.24 16:07:35 org.jivesoftware.openfire.reporting.stats.StatsEngine - Sample task not run because less then a second has passed since last sample.
2016.08.24 16:07:35 org.jivesoftware.openfire.reporting.stats.StatsEngine - Sample task not run because less then a second has passed since last sample.
2016.08.24 16:07:35 org.jivesoftware.openfire.reporting.stats.StatsEngine - Sample task not run because less then a second has passed since last sample.
2016.08.24 16:07:35 org.jivesoftware.openfire.reporting.stats.StatsEngine - Sample task not run because less then a second has passed since last sample.
2016.08.24 16:07:35 org.jivesoftware.openfire.reporting.stats.StatsEngine - Sample task not run because less then a second has passed since last sample.
2016.08.24 16:07:35 org.jivesoftware.openfire.reporting.stats.StatsEngine - Sample task not run because less then a second has passed since last sample.
2016.08.24 16:07:35 org.jivesoftware.openfire.reporting.stats.StatsEngine - Sample task not run because less then a second has passed since last sample.
2016.08.24 16:07:35 org.jivesoftware.openfire.reporting.stats.StatsEngine - Sample task not run because less then a second has passed since last sample.
2016.08.24 16:07:35 org.jivesoftware.openfire.reporting.stats.StatsEngine - Sample task not run because less then a second has passed since last sample.
2016.08.24 16:07:35 org.jivesoftware.openfire.reporting.stats.StatsEngine - Sample task not run because less then a second has passed since last sample.
2016.08.24 16:07:35 org.jivesoftware.openfire.reporting.stats.StatsEngine - Sample task not run because less then a second has passed since last sample.
2016.08.24 16:07:35 org.jivesoftware.openfire.reporting.stats.StatsEngine - Sample task not run because less then a second has passed since last sample.
2016.08.24 16:07:35 org.jivesoftware.openfire.reporting.stats.StatsEngine - Sample task not run because less then a second has passed since last sample.
2016.08.24 16:07:35 org.jivesoftware.openfire.reporting.stats.StatsEngine - Sample task not run because less then a second has passed since last sample.
2016.08.24 16:07:35 org.jivesoftware.openfire.reporting.stats.StatsEngine - Sample task not run because less then a second has passed since last sample.
2016.08.24 16:07:35 org.jivesoftware.openfire.reporting.stats.StatsEngine - Sample task not run because less then a second has passed since last sample.
2016.08.24 16:07:35 org.jivesoftware.openfire.reporting.stats.StatsEngine - Sample task not run because less then a second has passed since last sample.
2016.08.24 16:07:35 org.jivesoftware.openfire.reporting.stats.StatsEngine - Sample task not run because less then a second has passed since last sample.
2016.08.24 16:07:35 org.jivesoftware.openfire.reporting.stats.StatsEngine - Sample task not run because less then a second has passed since last sample.
2016.08.24 16:07:35 org.jivesoftware.openfire.reporting.stats.StatsEngine - Sample task not run because less then a second has passed since last sample.
2016.08.24 16:07:35 org.jivesoftware.openfire.reporting.stats.StatsEngine - Sample task not run because less then a second has passed since last sample.
2016.08.24 16:07:35 org.jivesoftware.openfire.reporting.stats.StatsEngine - Sample task not run because less then a second has passed since last sample.
2016.08.24 16:07:35 org.jivesoftware.openfire.reporting.stats.StatsEngine - Sample task not run because less then a second has passed since last sample.
2016.08.24 16:07:35 org.jivesoftware.openfire.reporting.stats.StatsEngine - Sample task not run because less then a second has passed since last sample.
2016.08.24 16:07:35 org.jivesoftware.openfire.reporting.stats.StatsEngine - Sample task not run because less then a second has passed since last sample.
2016.08.24 16:07:35 org.jivesoftware.openfire.reporting.stats.StatsEngine - Sample task not run because less then a second has passed since last sample.
2016.08.24 16:07:35 org.jivesoftware.openfire.reporting.stats.StatsEngine - Sample task not run because less then a second has passed since last sample.
2016.08.24 16:07:35 org.jivesoftware.openfire.reporting.stats.StatsEngine - Sample task not run because less then a second has passed since last sample.
2016.08.24 16:07:35 org.jivesoftware.openfire.reporting.stats.StatsEngine - Sample task not run because less then a second has passed since last sample.
2016.08.24 16:07:35 org.jivesoftware.openfire.reporting.stats.StatsEngine - Sample task not run because less then a second has passed since last sample.
2016.08.24 16:07:35 org.jivesoftware.openfire.reporting.stats.StatsEngine - Sample task not run because less then a second has passed since last sample.
2016.08.24 16:07:35 org.jivesoftware.openfire.reporting.stats.StatsEngine - Sample task not run because less then a second has passed since last sample.
2016.08.24 16:07:35 org.jivesoftware.openfire.reporting.stats.StatsEngine - Sample task not run because less then a second has passed since last sample.
2016.08.24 16:07:35 org.jivesoftware.openfire.reporting.stats.StatsEngine - Sample task not run because less then a second has passed since last sample.
2016.08.24 16:07:35 org.jivesoftware.openfire.reporting.stats.StatsEngine - Sample task not run because less then a second has passed since last sample.
2016.08.24 16:07:35 org.jivesoftware.openfire.reporting.stats.StatsEngine - Sample task not run because less then a second has passed since last sample.
2016.08.24 16:07:35 org.jivesoftware.openfire.reporting.stats.StatsEngine - Sample task not run because less then a second has passed since last sample.
2016.08.24 16:07:35 org.jivesoftware.openfire.reporting.stats.StatsEngine - Sample task not run because less then a second has passed since last sample.
2016.08.24 16:07:35 org.jivesoftware.openfire.reporting.stats.StatsEngine - Sample task not run because less then a second has passed since last sample.
2016.08.24 16:07:35 org.jivesoftware.openfire.reporting.stats.StatsEngine - Sample task not run because less then a second has passed since last sample.
2016.08.24 16:07:35 org.jivesoftware.openfire.reporting.stats.StatsEngine - Sample task not run because less then a second has passed since last sample.
2016.08.24 16:07:35 org.jivesoftware.openfire.reporting.stats.StatsEngine - Sample task not run because less then a second has passed since last sample.
2016.08.24 16:07:35 org.jivesoftware.openfire.reporting.stats.StatsEngine - Sample task not run because less then a second has passed since last sample.
2016.08.24 16:07:35 org.jivesoftware.openfire.reporting.stats.StatsEngine - Sample task not run because less then a second has passed since last sample.
2016.08.24 16:07:35 org.jivesoftware.openfire.reporting.stats.StatsEngine - Sample task not run because less then a second has passed since last sample.
2016.08.24 16:07:35 org.jivesoftware.openfire.reporting.stats.StatsEngine - Sample task not run because less then a second has passed since last sample.
2016.08.24 16:07:35 org.jivesoftware.openfire.reporting.stats.StatsEngine - Sample task not run because less then a second has passed since last sample.
2016.08.24 16:07:35 org.jivesoftware.openfire.reporting.stats.StatsEngine - Sample task not run because less then a second has passed since last sample.
2016.08.24 16:07:35 org.jivesoftware.openfire.reporting.stats.StatsEngine - Sample task not run because less then a second has passed since last sample.
2016.08.24 16:07:35 org.jivesoftware.openfire.reporting.stats.StatsEngine - Sample task not run because less then a second has passed since last sample.
2016.08.24 16:07:35 org.jivesoftware.openfire.reporting.stats.StatsEngine - Sample task not run because less then a second has passed since last sample.
2016.08.24 16:07:35 org.jivesoftware.openfire.reporting.stats.StatsEngine - Sample task not run because less then a second has passed since last sample.
2016.08.24 16:07:35 org.jivesoftware.openfire.reporting.stats.StatsEngine - Sample task not run because less then a second has passed since last sample.
2016.08.24 16:07:35 org.jivesoftware.openfire.reporting.stats.StatsEngine - Sample task not run because less then a second has passed since last sample.
2016.08.24 16:07:35 org.jivesoftware.openfire.reporting.stats.StatsEngine - Sample task not run because less then a second has passed since last sample.
2016.08.24 16:07:35 org.jivesoftware.openfire.reporting.stats.StatsEngine - Sample task not run because less then a second has passed since last sample.
2016.08.24 16:07:35 org.jivesoftware.openfire.reporting.stats.StatsEngine - Sample task not run because less then a second has passed since last sample.
2016.08.24 16:07:35 org.jivesoftware.openfire.reporting.stats.StatsEngine - Sample task not run because less then a second has passed since last sample.
2016.08.24 16:07:35 org.jivesoftware.openfire.reporting.stats.StatsEngine - Sample task not run because less then a second has passed since last sample.
2016.08.24 16:07:35 org.jivesoftware.openfire.reporting.stats.StatsEngine - Sample task not run because less then a second has passed since last sample.
2016.08.24 16:07:35 org.jivesoftware.openfire.reporting.stats.StatsEngine - Sample task not run because less then a second has passed since last sample.
2016.08.24 16:07:35 org.jivesoftware.openfire.reporting.stats.StatsEngine - Sample task not run because less then a second has passed since last sample.
2016.08.24 16:07:35 org.jivesoftware.openfire.reporting.stats.StatsEngine - Sample task not run because less then a second has passed since last sample.
2016.08.24 16:07:35 org.jivesoftware.openfire.reporting.stats.StatsEngine - Sample task not run because less then a second has passed since last sample.
2016.08.24 16:07:35 org.jivesoftware.openfire.reporting.stats.StatsEngine - Sample task not run because less then a second has passed since last sample.
2016.08.24 16:07:35 org.jivesoftware.openfire.reporting.stats.StatsEngine - Sample task not run because less then a second has passed since last sample.
2016.08.24 16:07:35 org.jivesoftware.openfire.reporting.stats.StatsEngine - Sample task not run because less then a second has passed since last sample.
2016.08.24 16:07:35 org.jivesoftware.openfire.reporting.stats.StatsEngine - Sample task not run because less then a second has passed since last sample.
2016.08.24 16:07:35 org.jivesoftware.openfire.reporting.stats.StatsEngine - Sample task not run because less then a second has passed since last sample.
2016.08.24 16:07:35 org.jivesoftware.openfire.reporting.stats.StatsEngine - Sample task not run because less then a second has passed since last sample.
2016.08.24 16:07:35 org.jivesoftware.openfire.reporting.stats.StatsEngine - Sample task not run because less then a second has passed since last sample.
2016.08.24 16:07:35 org.jivesoftware.openfire.reporting.stats.StatsEngine - Sample task not run because less then a second has passed since last sample.
2016.08.24 16:07:35 org.jivesoftware.openfire.reporting.stats.StatsEngine - Sample task not run because less then a second has passed since last sample.
2016.08.24 16:07:35 org.jivesoftware.openfire.reporting.stats.StatsEngine - Sample task not run because less then a second has passed since last sample.
2016.08.24 16:07:35 org.jivesoftware.openfire.reporting.stats.StatsEngine - Sample task not run because less then a second has passed since last sample.
2016.08.24 16:07:35 org.jivesoftware.openfire.reporting.stats.StatsEngine - Sample task not run because less then a second has passed since last sample.
2016.08.24 16:07:35 org.jivesoftware.openfire.reporting.stats.StatsEngine - Sample task not run because less then a second has passed since last sample.
2016.08.24 16:07:35 org.jivesoftware.openfire.reporting.stats.StatsEngine - Sample task not run because less then a second has passed since last sample.
2016.08.24 16:07:35 org.jivesoftware.openfire.reporting.stats.StatsEngine - Sample task not run because less then a second has passed since last sample.
2016.08.24 16:07:35 org.jivesoftware.openfire.reporting.stats.StatsEngine - Sample task not run because less then a second has passed since last sample.
2016.08.24 16:07:35 org.jivesoftware.openfire.reporting.stats.StatsEngine - Sample task not run because less then a second has passed since last sample.
2016.08.24 16:07:35 org.jivesoftware.openfire.reporting.stats.StatsEngine - Sample task not run because less then a second has passed since last sample.
2016.08.24 16:07:35 org.jivesoftware.openfire.reporting.stats.StatsEngine - Sample task not run because less then a second has passed since last sample.
2016.08.24 16:07:35 org.jivesoftware.openfire.reporting.stats.StatsEngine - Sample task not run because less then a second has passed since last sample.
2016.08.24 16:07:35 org.jivesoftware.openfire.reporting.stats.StatsEngine - Sample task not run because less then a second has passed since last sample.
2016.08.24 16:07:35 org.jivesoftware.openfire.reporting.stats.StatsEngine - Sample task not run because less then a second has passed since last sample.
2016.08.24 16:07:35 org.jivesoftware.openfire.reporting.stats.StatsEngine - Sample task not run because less then a second has passed since last sample.
2016.08.24 16:07:35 org.jivesoftware.openfire.reporting.stats.StatsEngine - Sample task not run because less then a second has passed since last sample.
2016.08.24 16:07:35 org.jivesoftware.openfire.reporting.stats.StatsEngine - Sample task not run because less then a second has passed since last sample.
2016.08.24 16:07:35 org.jivesoftware.openfire.reporting.stats.StatsEngine - Sample task not run because less then a second has passed since last sample.
2016.08.24 16:07:35 org.jivesoftware.openfire.reporting.stats.StatsEngine - Sample task not run because less then a second has passed since last sample.
2016.08.24 16:07:35 org.jivesoftware.openfire.reporting.stats.StatsEngine - Sample task not run because less then a second has passed since last sample.
2016.08.24 16:07:35 org.jivesoftware.openfire.reporting.stats.StatsEngine - Sample task not run because less then a second has passed since last sample.
2016.08.24 16:07:35 org.jivesoftware.openfire.reporting.stats.StatsEngine - Sample task not run because less then a second has passed since last sample.
2016.08.24 16:07:35 org.jivesoftware.openfire.reporting.stats.StatsEngine - Sample task not run because less then a second has passed since last sample.
2016.08.24 16:07:35 org.jivesoftware.openfire.reporting.stats.StatsEngine - Sample task not run because less then a second has passed since last sample.
2016.08.24 16:07:35 org.jivesoftware.openfire.reporting.stats.StatsEngine - Sample task not run because less then a second has passed since last sample.
2016.08.24 16:07:35 org.jivesoftware.openfire.reporting.stats.StatsEngine - Sample task not run because less then a second has passed since last sample.
2016.08.24 16:07:35 org.jivesoftware.openfire.reporting.stats.StatsEngine - Sample task not run because less then a second has passed since last sample.
2016.08.24 16:07:35 org.jivesoftware.openfire.reporting.stats.StatsEngine - Sample task not run because less then a second has passed since last sample.
2016.08.24 16:07:35 org.jivesoftware.openfire.reporting.stats.StatsEngine - Sample task not run because less then a second has passed since last sample.
2016.08.24 16:07:35 org.jivesoftware.openfire.reporting.stats.StatsEngine - Sample task not run because less then a second has passed since last sample.
2016.08.24 16:07:35 org.jivesoftware.openfire.reporting.stats.StatsEngine - Sample task not run because less then a second has passed since last sample.
2016.08.24 16:07:35 org.jivesoftware.openfire.reporting.stats.StatsEngine - Sample task not run because less then a second has passed since last sample.
2016.08.24 16:07:35 org.jivesoftware.openfire.reporting.stats.StatsEngine - Sample task not run because less then a second has passed since last sample.
2016.08.24 16:07:35 org.jivesoftware.openfire.reporting.stats.StatsEngine - Sample task not run because less then a second has passed since last sample.
2016.08.24 16:07:35 org.jivesoftware.openfire.reporting.stats.StatsEngine - Sample task not run because less then a second has passed since last sample.
2016.08.24 16:07:35 org.jivesoftware.openfire.reporting.stats.StatsEngine - Sample task not run because less then a second has passed since last sample.
2016.08.24 16:07:35 org.jivesoftware.openfire.reporting.stats.StatsEngine - Sample task not run because less then a second has passed since last sample.
2016.08.24 16:07:35 org.jivesoftware.openfire.reporting.stats.StatsEngine - Sample task not run because less then a second has passed since last sample.
2016.08.24 16:07:35 org.jivesoftware.openfire.reporting.stats.StatsEngine - Sample task not run because less then a second has passed since last sample.
2016.08.24 16:07:35 org.jivesoftware.openfire.reporting.stats.StatsEngine - Sample task not run because less then a second has passed since last sample.
2016.08.24 16:07:35 org.jivesoftware.openfire.reporting.stats.StatsEngine - Sample task not run because less then a second has passed since last sample.
2016.08.24 16:07:35 org.jivesoftware.openfire.reporting.stats.StatsEngine - Sample task not run because less then a second has passed since last sample.
2016.08.24 16:07:35 org.jivesoftware.openfire.reporting.stats.StatsEngine - Sample task not run because less then a second has passed since last sample.
2016.08.24 16:07:35 org.jivesoftware.openfire.reporting.stats.StatsEngine - Sample task not run because less then a second has passed since last sample.
2016.08.24 16:07:35 org.jivesoftware.openfire.reporting.stats.StatsEngine - Sample task not run because less then a second has passed since last sample.
2016.08.24 16:07:35 org.jivesoftware.openfire.reporting.stats.StatsEngine - Sample task not run because less then a second has passed since last sample.
2016.08.24 16:07:35 org.jivesoftware.openfire.reporting.stats.StatsEngine - Sample task not run because less then a second has passed since last sample.
2016.08.24 16:07:35 org.jivesoftware.openfire.reporting.stats.StatsEngine - Sample task not run because less then a second has passed since last sample.
2016.08.24 16:07:35 org.jivesoftware.openfire.reporting.stats.StatsEngine - Sample task not run because less then a second has passed since last sample.
2016.08.24 16:07:35 org.jivesoftware.openfire.reporting.stats.StatsEngine - Sample task not run because less then a second has passed since last sample.
2016.08.24 16:07:35 org.jivesoftware.openfire.reporting.stats.StatsEngine - Sample task not run because less then a second has passed since last sample.
2016.08.24 16:07:35 org.jivesoftware.openfire.reporting.stats.StatsEngine - Sample task not run because less then a second has passed since last sample.
2016.08.24 16:07:35 org.jivesoftware.openfire.reporting.stats.StatsEngine - Sample task not run because less then a second has passed since last sample.
2016.08.24 16:07:35 org.jivesoftware.openfire.reporting.stats.StatsEngine - Sample task not run because less then a second has passed since last sample.
2016.08.24 16:07:35 org.jivesoftware.openfire.reporting.stats.StatsEngine - Sample task not run because less then a second has passed since last sample.
2016.08.24 16:07:35 org.jivesoftware.openfire.reporting.stats.StatsEngine - Sample task not run because less then a second has passed since last sample.
2016.08.24 16:07:35 org.jivesoftware.openfire.reporting.stats.StatsEngine - Sample task not run because less then a second has passed since last sample.
2016.08.24 16:07:35 org.jivesoftware.openfire.reporting.stats.StatsEngine - Sample task not run because less then a second has passed since last sample.
2016.08.24 16:07:35 org.jivesoftware.openfire.reporting.stats.StatsEngine - Sample task not run because less then a second has passed since last sample.
2016.08.24 16:07:35 org.jivesoftware.openfire.reporting.stats.StatsEngine - Sample task not run because less then a second has passed since last sample.
2016.08.24 16:07:35 org.jivesoftware.openfire.reporting.stats.StatsEngine - Sample task not run because less then a second has passed since last sample.
2016.08.24 16:07:35 org.jivesoftware.openfire.reporting.stats.StatsEngine - Sample task not run because less then a second has passed since last sample.
2016.08.24 16:07:35 org.jivesoftware.openfire.reporting.stats.StatsEngine - Sample task not run because less then a second has passed since last sample.
2016.08.24 16:07:35 org.jivesoftware.openfire.reporting.stats.StatsEngine - Sample task not run because less then a second has passed since last sample.
2016.08.24 16:07:35 org.jivesoftware.openfire.reporting.stats.StatsEngine - Sample task not run because less then a second has passed since last sample.
2016.08.24 16:07:35 org.jivesoftware.openfire.reporting.stats.StatsEngine - Sample task not run because less then a second has passed since last sample.
2016.08.24 16:07:35 org.jivesoftware.openfire.reporting.stats.StatsEngine - Sample task not run because less then a second has passed since last sample.
2016.08.24 16:07:35 org.jivesoftware.openfire.reporting.stats.StatsEngine - Sample task not run because less then a second has passed since last sample.
2016.08.24 16:07:35 org.jivesoftware.openfire.reporting.stats.StatsEngine - Sample task not run because less then a second has passed since last sample.
2016.08.24 16:07:35 org.jivesoftware.openfire.reporting.stats.StatsEngine - Sample task not run because less then a second has passed since last sample.
2016.08.24 16:07:35 org.jivesoftware.openfire.reporting.stats.StatsEngine - Sample task not run because less then a second has passed since last sample.
2016.08.24 16:07:35 org.jivesoftware.openfire.reporting.stats.StatsEngine - Sample task not run because less then a second has passed since last sample.
2016.08.24 16:07:35 org.jivesoftware.openfire.reporting.stats.StatsEngine - Sample task not run because less then a second has passed since last sample.
2016.08.24 16:07:35 org.jivesoftware.openfire.reporting.stats.StatsEngine - Sample task not run because less then a second has passed since last sample.
2016.08.24 16:07:35 org.jivesoftware.openfire.reporting.stats.StatsEngine - Sample task not run because less then a second has passed since last sample.
2016.08.24 16:07:35 org.jivesoftware.openfire.reporting.stats.StatsEngine - Sample task not run because less then a second has passed since last sample.
2016.08.24 16:07:35 org.jivesoftware.openfire.reporting.stats.StatsEngine - Sample task not run because less then a second has passed since last sample.
2016.08.24 16:07:35 org.jivesoftware.openfire.reporting.stats.StatsEngine - Sample task not run because less then a second has passed since last sample.
2016.08.24 16:07:35 org.jivesoftware.openfire.reporting.stats.StatsEngine - Sample task not run because less then a second has passed since last sample.
2016.08.24 16:07:35 org.jivesoftware.openfire.reporting.stats.StatsEngine - Sample task not run because less then a second has passed since last sample.
2016.08.24 16:07:35 org.jivesoftware.openfire.reporting.stats.StatsEngine - Sample task not run because less then a second has passed since last sample.
2016.08.24 16:07:35 org.jivesoftware.openfire.reporting.stats.StatsEngine - Sample task not run because less then a second has passed since last sample.
2016.08.24 16:07:35 org.jivesoftware.openfire.reporting.stats.StatsEngine - Sample task not run because less then a second has passed since last sample.
2016.08.24 16:07:35 org.jivesoftware.openfire.reporting.stats.StatsEngine - Sample task not run because less then a second has passed since last sample.
2016.08.24 16:07:35 org.jivesoftware.openfire.reporting.stats.StatsEngine - Sample task not run because less then a second has passed since last sample.
2016.08.24 16:07:35 org.jivesoftware.openfire.reporting.stats.StatsEngine - Sample task not run because less then a second has passed since last sample.
2016.08.24 16:07:35 org.jivesoftware.openfire.reporting.stats.StatsEngine - Sample task not run because less then a second has passed since last sample.
2016.08.24 16:07:35 org.jivesoftware.openfire.reporting.stats.StatsEngine - Sample task not run because less then a second has passed since last sample.
2016.08.24 16:07:35 org.jivesoftware.openfire.reporting.stats.StatsEngine - Sample task not run because less then a second has passed since last sample.
2016.08.24 16:07:35 org.jivesoftware.openfire.reporting.stats.StatsEngine - Sample task not run because less then a second has passed since last sample.
2016.08.24 16:07:35 org.jivesoftware.openfire.reporting.stats.StatsEngine - Sample task not run because less then a second has passed since last sample.
2016.08.24 16:07:35 org.jivesoftware.openfire.reporting.stats.StatsEngine - Sample task not run because less then a second has passed since last sample.
2016.08.24 16:07:35 org.jivesoftware.openfire.reporting.stats.StatsEngine - Sample task not run because less then a second has passed since last sample.
2016.08.24 16:07:35 org.jivesoftware.openfire.reporting.stats.StatsEngine - Sample task not run because less then a second has passed since last sample.
2016.08.24 16:07:35 org.jivesoftware.openfire.reporting.stats.StatsEngine - Sample task not run because less then a second has passed since last sample.
2016.08.24 16:07:35 org.jivesoftware.openfire.reporting.stats.StatsEngine - Sample task not run because less then a second has passed since last sample.
2016.08.24 16:07:35 org.jivesoftware.openfire.reporting.stats.StatsEngine - Sample task not run because less then a second has passed since last sample.
2016.08.24 16:07:35 org.jivesoftware.openfire.reporting.stats.StatsEngine - Sample task not run because less then a second has passed since last sample.
2016.08.24 16:07:35 org.jivesoftware.openfire.reporting.stats.StatsEngine - Sample task not run because less then a second has passed since last sample.
2016.08.24 16:07:35 org.jivesoftware.openfire.reporting.stats.StatsEngine - Sample task not run because less then a second has passed since last sample.
2016.08.24 16:07:35 org.jivesoftware.openfire.reporting.stats.StatsEngine - Sample task not run because less then a second has passed since last sample.
2016.08.24 16:07:35 org.jivesoftware.openfire.reporting.stats.StatsEngine - Sample task not run because less then a second has passed since last sample.
2016.08.24 16:07:35 org.jivesoftware.openfire.reporting.stats.StatsEngine - Sample task not run because less then a second has passed since last sample.
2016.08.24 16:07:35 org.jivesoftware.openfire.reporting.stats.StatsEngine - Sample task not run because less then a second has passed since last sample.
2016.08.24 16:07:35 org.jivesoftware.openfire.reporting.stats.StatsEngine - Sample task not run because less then a second has passed since last sample.
2016.08.24 16:07:35 org.jivesoftware.openfire.reporting.stats.StatsEngine - Sample task not run because less then a second has passed since last sample.
2016.08.24 16:07:35 org.jivesoftware.openfire.reporting.stats.StatsEngine - Sample task not run because less then a second has passed since last sample.
2016.08.24 16:07:35 org.jivesoftware.openfire.reporting.stats.StatsEngine - Sample task not run because less then a second has passed since last sample.
2016.08.24 16:07:35 org.jivesoftware.openfire.reporting.stats.StatsEngine - Sample task not run because less then a second has passed since last sample.
2016.08.24 16:07:35 org.jivesoftware.openfire.reporting.stats.StatsEngine - Sample task not run because less then a second has passed since last sample.
2016.08.24 16:07:35 org.jivesoftware.openfire.reporting.stats.StatsEngine - Sample task not run because less then a second has passed since last sample.
2016.08.24 16:07:35 org.jivesoftware.openfire.reporting.stats.StatsEngine - Sample task not run because less then a second has passed since last sample.
2016.08.24 16:07:35 org.jivesoftware.openfire.reporting.stats.StatsEngine - Sample task not run because less then a second has passed since last sample.
2016.08.24 16:07:35 org.jivesoftware.openfire.reporting.stats.StatsEngine - Sample task not run because less then a second has passed since last sample.
2016.08.24 16:07:35 org.jivesoftware.openfire.reporting.stats.StatsEngine - Sample task not run because less then a second has passed since last sample.
2016.08.24 16:07:35 org.jivesoftware.openfire.reporting.stats.StatsEngine - Sample task not run because less then a second has passed since last sample.
2016.08.24 16:07:35 org.jivesoftware.openfire.reporting.stats.StatsEngine - Sample task not run because less then a second has passed since last sample.
2016.08.24 16:07:35 org.jivesoftware.openfire.reporting.stats.StatsEngine - Sample task not run because less then a second has passed since last sample.
2016.08.24 16:07:35 org.jivesoftware.openfire.reporting.stats.StatsEngine - Sample task not run because less then a second has passed since last sample.
2016.08.24 16:07:35 org.jivesoftware.openfire.reporting.stats.StatsEngine - Sample task not run because less then a second has passed since last sample.
2016.08.24 16:07:35 org.jivesoftware.openfire.reporting.stats.StatsEngine - Sample task not run because less then a second has passed since last sample.
2016.08.24 16:07:35 org.jivesoftware.openfire.reporting.stats.StatsEngine - Sample task not run because less then a second has passed since last sample.
2016.08.24 16:07:35 org.jivesoftware.openfire.reporting.stats.StatsEngine - Sample task not run because less then a second has passed since last sample.
2016.08.24 16:07:35 org.jivesoftware.openfire.reporting.stats.StatsEngine - Sample task not run because less then a second has passed since last sample.
2016.08.24 16:07:35 org.jivesoftware.openfire.reporting.stats.StatsEngine - Sample task not run because less then a second has passed since last sample.
2016.08.24 16:07:35 org.jivesoftware.openfire.reporting.stats.StatsEngine - Sample task not run because less then a second has passed since last sample.
2016.08.24 16:07:35 org.jivesoftware.openfire.reporting.stats.StatsEngine - Sample task not run because less then a second has passed since last sample.
2016.08.24 16:07:35 org.jivesoftware.openfire.reporting.stats.StatsEngine - Sample task not run because less then a second has passed since last sample.
2016.08.24 16:07:35 org.jivesoftware.openfire.reporting.stats.StatsEngine - Sample task not run because less then a second has passed since last sample.
2016.08.24 16:07:35 org.jivesoftware.openfire.reporting.stats.StatsEngine - Sample task not run because less then a second has passed since last sample.
2016.08.24 16:07:35 org.jivesoftware.openfire.reporting.stats.StatsEngine - Sample task not run because less then a second has passed since last sample.
2016.08.24 16:07:35 org.jivesoftware.openfire.reporting.stats.StatsEngine - Sample task not run because less then a second has passed since last sample.
2016.08.24 16:07:35 org.jivesoftware.openfire.reporting.stats.StatsEngine - Sample task not run because less then a second has passed since last sample.
2016.08.24 16:07:35 org.jivesoftware.openfire.reporting.stats.StatsEngine - Sample task not run because less then a second has passed since last sample.
2016.08.24 16:07:35 org.jivesoftware.openfire.reporting.stats.StatsEngine - Sample task not run because less then a second has passed since last sample.
2016.08.24 16:07:35 org.jivesoftware.openfire.reporting.stats.StatsEngine - Sample task not run because less then a second has passed since last sample.
2016.08.24 16:07:35 org.jivesoftware.openfire.reporting.stats.StatsEngine - Sample task not run because less then a second has passed since last sample.
2016.08.24 16:07:35 org.jivesoftware.openfire.reporting.stats.StatsEngine - Sample task not run because less then a second has passed since last sample.
2016.08.24 16:07:35 org.jivesoftware.openfire.reporting.stats.StatsEngine - Sample task not run because less then a second has passed since last sample.
2016.08.24 16:07:35 org.jivesoftware.openfire.reporting.stats.StatsEngine - Sample task not run because less then a second has passed since last sample.
2016.08.24 16:07:35 org.jivesoftware.openfire.reporting.stats.StatsEngine - Sample task not run because less then a second has passed since last sample.
2016.08.24 16:07:35 org.jivesoftware.openfire.reporting.stats.StatsEngine - Sample task not run because less then a second has passed since last sample.
2016.08.24 16:07:35 org.jivesoftware.openfire.reporting.stats.StatsEngine - Sample task not run because less then a second has passed since last sample.
2016.08.24 16:07:35 org.jivesoftware.openfire.reporting.stats.StatsEngine - Sample task not run because less then a second has passed since last sample.
2016.08.24 16:07:35 org.jivesoftware.openfire.reporting.stats.StatsEngine - Sample task not run because less then a second has passed since last sample.
2016.08.24 16:07:35 org.jivesoftware.openfire.reporting.stats.StatsEngine - Sample task not run because less then a second has passed since last sample.
2016.08.24 16:07:35 org.jivesoftware.openfire.reporting.stats.StatsEngine - Sample task not run because less then a second has passed since last sample.
2016.08.24 16:07:35 org.jivesoftware.openfire.reporting.stats.StatsEngine - Sample task not run because less then a second has passed since last sample.
2016.08.24 16:07:35 org.jivesoftware.openfire.reporting.stats.StatsEngine - Sample task not run because less then a second has passed since last sample.
2016.08.24 16:07:35 org.jivesoftware.openfire.reporting.stats.StatsEngine - Sample task not run because less then a second has passed since last sample.
2016.08.24 16:07:35 org.jivesoftware.openfire.reporting.stats.StatsEngine - Sample task not run because less then a second has passed since last sample.
2016.08.24 16:07:35 org.jivesoftware.openfire.reporting.stats.StatsEngine - Sample task not run because less then a second has passed since last sample.
2016.08.24 16:07:35 org.jivesoftware.openfire.reporting.stats.StatsEngine - Sample task not run because less then a second has passed since last sample.
2016.08.24 16:07:35 org.jivesoftware.openfire.reporting.stats.StatsEngine - Sample task not run because less then a second has passed since last sample.
2016.08.24 16:07:35 org.jivesoftware.openfire.reporting.stats.StatsEngine - Sample task not run because less then a second has passed since last sample.
2016.08.24 16:07:35 org.jivesoftware.openfire.reporting.stats.StatsEngine - Sample task not run because less then a second has passed since last sample.
2016.08.24 16:07:35 org.jivesoftware.openfire.reporting.stats.StatsEngine - Sample task not run because less then a second has passed since last sample.
2016.08.24 16:07:35 org.jivesoftware.openfire.reporting.stats.StatsEngine - Sample task not run because less then a second has passed since last sample.
2016.08.24 16:07:35 org.jivesoftware.openfire.reporting.stats.StatsEngine - Sample task not run because less then a second has passed since last sample.
2016.08.24 16:07:35 org.jivesoftware.openfire.reporting.stats.StatsEngine - Sample task not run because less then a second has passed since last sample.
2016.08.24 16:07:35 org.jivesoftware.openfire.reporting.stats.StatsEngine - Sample task not run because less then a second has passed since last sample.
2016.08.24 16:07:35 org.jivesoftware.openfire.reporting.stats.StatsEngine - Sample task not run because less then a second has passed since last sample.
2016.08.24 16:07:35 org.jivesoftware.openfire.reporting.stats.StatsEngine - Sample task not run because less then a second has passed since last sample.
2016.08.24 16:07:35 org.jivesoftware.openfire.reporting.stats.StatsEngine - Sample task not run because less then a second has passed since last sample.
2016.08.24 16:07:35 org.jivesoftware.openfire.reporting.stats.StatsEngine - Sample task not run because less then a second has passed since last sample.
2016.08.24 16:07:35 org.jivesoftware.openfire.reporting.stats.StatsEngine - Sample task not run because less then a second has passed since last sample.
2016.08.24 16:07:35 org.jivesoftware.openfire.reporting.stats.StatsEngine - Sample task not run because less then a second has passed since last sample.
2016.08.24 16:07:35 org.jivesoftware.openfire.reporting.stats.StatsEngine - Sample task not run because less then a second has passed since last sample.
2016.08.24 16:07:35 org.jivesoftware.openfire.reporting.stats.StatsEngine - Sample task not run because less then a second has passed since last sample.
2016.08.24 16:07:35 org.jivesoftware.openfire.reporting.stats.StatsEngine - Sample task not run because less then a second has passed since last sample.
2016.08.24 16:07:35 org.jivesoftware.openfire.reporting.stats.StatsEngine - Sample task not run because less then a second has passed since last sample.
2016.08.24 16:07:35 org.jivesoftware.openfire.reporting.stats.StatsEngine - Sample task not run because less then a second has passed since last sample.
2016.08.24 16:07:35 org.jivesoftware.openfire.reporting.stats.StatsEngine - Sample task not run because less then a second has passed since last sample.
2016.08.24 16:07:35 org.jivesoftware.openfire.reporting.stats.StatsEngine - Sample task not run because less then a second has passed since last sample.
2016.08.24 16:07:35 org.jivesoftware.openfire.reporting.stats.StatsEngine - Sample task not run because less then a second has passed since last sample.
2016.08.24 16:07:35 org.jivesoftware.openfire.reporting.stats.StatsEngine - Sample task not run because less then a second has passed since last sample.
2016.08.24 16:07:35 org.jivesoftware.openfire.reporting.stats.StatsEngine - Sample task not run because less then a second has passed since last sample.
2016.08.24 16:07:35 org.jivesoftware.openfire.reporting.stats.StatsEngine - Sample task not run because less then a second has passed since last sample.
2016.08.24 16:07:35 org.jivesoftware.openfire.reporting.stats.StatsEngine - Sample task not run because less then a second has passed since last sample.
2016.08.24 16:07:35 org.jivesoftware.openfire.reporting.stats.StatsEngine - Sample task not run because less then a second has passed since last sample.
2016.08.24 16:07:35 org.jivesoftware.openfire.reporting.stats.StatsEngine - Sample task not run because less then a second has passed since last sample.
2016.08.24 16:07:35 org.jivesoftware.openfire.reporting.stats.StatsEngine - Sample task not run because less then a second has passed since last sample.
2016.08.24 16:07:35 org.jivesoftware.openfire.reporting.stats.StatsEngine - Sample task not run because less then a second has passed since last sample.
2016.08.24 16:07:35 org.jivesoftware.openfire.reporting.stats.StatsEngine - Sample task not run because less then a second has passed since last sample.
2016.08.24 16:07:35 org.jivesoftware.openfire.reporting.stats.StatsEngine - Sample task not run because less then a second has passed since last sample.
2016.08.24 16:07:35 org.jivesoftware.openfire.reporting.stats.StatsEngine - Sample task not run because less then a second has passed since last sample.
2016.08.24 17:16:01 org.jivesoftware.openfire.spi.LegacyConnectionAcceptor - Configuration allows for up to 16 threads, although implementation is limited to exactly one.
2016.08.24 17:39:55 org.jivesoftware.openfire.reporting.stats.StatsEngine - Sample time of 1472074740 for statistic server_bytes_out is invalid.
2016.08.24 17:39:55 org.jivesoftware.openfire.reporting.stats.StatsEngine - Sample time of 1472074740 for statistic muc_occupants is invalid.
2016.08.24 17:39:55 org.jivesoftware.openfire.reporting.stats.StatsEngine - Sample time of 1472074740 for statistic proxyTransferRate is invalid.
2016.08.24 17:39:55 org.jivesoftware.openfire.reporting.stats.StatsEngine - Sample time of 1472074740 for statistic conversations is invalid.
2016.08.24 17:39:55 org.jivesoftware.openfire.reporting.stats.StatsEngine - Sample time of 1472074740 for statistic muc_outgoing is invalid.
2016.08.24 17:39:55 org.jivesoftware.openfire.reporting.stats.StatsEngine - Sample time of 1472074740 for statistic packet_count is invalid.
2016.08.24 17:39:55 org.jivesoftware.openfire.reporting.stats.StatsEngine - Sample time of 1472074740 for statistic muc_rooms is invalid.
2016.08.24 17:39:55 org.jivesoftware.openfire.reporting.stats.StatsEngine - Sample time of 1472074740 for statistic server_sessions is invalid.
2016.08.24 17:39:55 org.jivesoftware.openfire.reporting.stats.StatsEngine - Sample time of 1472074740 for statistic muc_users is invalid.
2016.08.24 19:13:50 org.jivesoftware.openfire.spi.LegacyConnectionAcceptor - Configuration allows for up to 16 threads, although implementation is limited to exactly one.
2016.08.24 19:20:35 org.jivesoftware.openfire.spi.LegacyConnectionAcceptor - Configuration allows for up to 16 threads, although implementation is limited to exactly one.
2016.08.25 01:52:44 org.jivesoftware.openfire.spi.LegacyConnectionAcceptor - Configuration allows for up to 16 threads, although implementation is limited to exactly one.
